<?xml version='1.0'?>
<ns2:test-suite xmlns:ns2='urn:model.allure.qatools.yandex.ru' start='1656345185713' stop='1656345229832'>
    <name>Test Verify Industry Contact</name>
    <title>Test Verify Industry Contact</title>
    <test-cases>
        <test-case start='1656345185738' status='failed' stop='1656345229771'>
            <name>Verify that user is able to add existing industries </name>
            <title>Verify that user is able to add existing industries </title>
            <labels/>
            <parameters/>
            <steps/>
            <attachments/>
            <failure>
                <message>Timed out retrying after 4000ms: Expected to find element: `//a[contains(text(),'New deal')]`, but never found it.</message>
                <stack-trace>AssertionError: Timed out retrying after 4000ms: Expected to find element: `//a[contains(text(),'New deal')]`, but never found it.
                    at Context.eval (https://design-portal-oscar-cannect-dev.oscarintelligence.net/__cypress/tests?p=cypress\support\index.js:38550:48)</stack-trace>
            </failure>
        </test-case>
    </test-cases>
</ns2:test-suite>